INFO:src.video_duration_matcher:.2f
INFO:src.video_duration_matcher:.2f
INFO:src.video_duration_matcher:.2f
INFO:src.video_duration_matcher:.2f
INFO:src.video_duration_matcher:.2f
INFO:src.video_duration_matcher:.2f
INFO:src.video_duration_matcher:.2f
INFO:src.video_duration_matcher:📹 VideoDurationMatcher initialized with 7 clips
INFO:     Started server process [196226]
INFO:     Waiting for application startup.
INFO:     Application startup complete.
INFO:     Uvicorn running on http://0.0.0.0:8081 (Press CTRL+C to quit)
🔊 Initializing pyttsx3 TTS engine...
✅ pyttsx3 engine initialized successfully
Using default voice
✅ TTS engine fully configured (rate: 180 WPM)
INFO:     127.0.0.1:46994 - "GET /health HTTP/1.1" 200 OK
INFO:     Shutting down
INFO:     Waiting for application shutdown.
INFO:     Application shutdown complete.
INFO:     Finished server process [196226]
